<?xml version="1.0" encoding="UTF-8"?>
<!-- Generated by org.testng.reporters.JUnitXMLReporter -->
<testsuite ignored="0" hostname="Harinder" failures="3" tests="15" name="Test" time="104.026" errors="0" timestamp="2023-01-20T16:59:14 GMT-07:00">
  <testcase classname="com.naveenautomation.Tests.MyAccountTest" name="@BeforeMethod setUp" time="6.77">
    <failure type="java.lang.NullPointerException" message="Cannot invoke &amp;quot;com.naveenautomation.Pages.HomePage.clickLoginLink()&amp;quot; because &amp;quot;this.homePage&amp;quot; is null">
      <![CDATA[java.lang.NullPointerException: Cannot invoke "com.naveenautomation.Pages.HomePage.clickLoginLink()" because "this.homePage" is null
at com.naveenautomation.Tests.MyAccountTest.setUp(MyAccountTest.java:28)
at java.base/java.util.ArrayList.forEach(ArrayList.java:1511)
... Removed 31 stack frames]]>
    </failure>
  </testcase> <!-- @BeforeMethod setUp -->
  <testcase classname="com.naveenautomation.Tests.MyAccountTest" name="@BeforeMethod tearDown" time="-1.67425905781E9">
    <skipped/>
  </testcase> <!-- @BeforeMethod tearDown -->
  <testcase classname="com.naveenautomation.Tests.MyAccountTest" name="@BeforeMethod setUp" time="-1.674259057818E9">
    <skipped/>
  </testcase> <!-- @BeforeMethod setUp -->
  <testcase classname="com.naveenautomation.Tests.MyAccountTest" name="@BeforeMethod tearDown" time="-1.674259057819E9">
    <skipped/>
  </testcase> <!-- @BeforeMethod tearDown -->
  <testcase classname="com.naveenautomation.Tests.MyAccountTest" name="@BeforeMethod setUp" time="-1.674259057824E9">
    <skipped/>
  </testcase> <!-- @BeforeMethod setUp -->
  <testcase classname="com.naveenautomation.Tests.MyAccountTest" name="@BeforeMethod tearDown" time="-1.674259057824E9">
    <skipped/>
  </testcase> <!-- @BeforeMethod tearDown -->
  <testcase classname="com.naveenautomation.Tests.AccountLoginTest" name="verifyLoginCredentials" time="0.0">
    <skipped/>
  </testcase> <!-- verifyLoginCredentials -->
  <testcase classname="com.naveenautomation.Tests.MyAccountTest" name="testSomething" time="0.0">
    <skipped/>
  </testcase> <!-- testSomething -->
  <testcase classname="com.naveenautomation.Tests.MyAccountTest" name="validateLogin" time="0.0">
    <skipped/>
  </testcase> <!-- validateLogin -->
  <testcase classname="com.naveenautomation.Tests.MyAccountTest" name="verifyAlertBannerForNewsletterSubscription" time="0.0">
    <skipped/>
  </testcase> <!-- verifyAlertBannerForNewsletterSubscription -->
  <testcase classname="com.naveenautomation.Tests.MyAccountTest" name="verifyAlertBannerForTelephoneUpdate" time="0.0">
    <skipped/>
  </testcase> <!-- verifyAlertBannerForTelephoneUpdate -->
  <testcase classname="com.naveenautomation.Tests.MyWishListTest" name="validateTitle" time="0.024"/>
  <testcase classname="com.naveenautomation.Tests.MyWishListTest" name="verifyProductName" time="0.183">
    <skipped/>
  </testcase> <!-- verifyProductName -->
  <testcase classname="com.naveenautomation.Tests.MyWishListTest" name="verifyProductName" time="0.238">
    <skipped/>
  </testcase> <!-- verifyProductName -->
  <testcase classname="com.naveenautomation.Tests.MyWishListTest" name="verifyProductName" time="0.199">
    <failure type="java.lang.NullPointerException" message="Cannot invoke &amp;quot;org.openqa.selenium.WebElement.getText()&amp;quot; because the return value of &amp;quot;com.naveenautomation.Pages.MyWishListPage.getElementFromTheTable(String, com.naveenautomation.Pages.MyWishListPage$WishList)&amp;quot; is null">
      <![CDATA[java.lang.NullPointerException: Cannot invoke "org.openqa.selenium.WebElement.getText()" because the return value of "com.naveenautomation.Pages.MyWishListPage.getElementFromTheTable(String, com.naveenautomation.Pages.MyWishListPage$WishList)" is null
at com.naveenautomation.Tests.MyWishListTest.verifyProductName(MyWishListTest.java:47)
at java.base/java.util.ArrayList.forEach(ArrayList.java:1511)
... Removed 27 stack frames]]>
    </failure>
  </testcase> <!-- verifyProductName -->
  <testcase classname="com.naveenautomation.Tests.MyWishListTest" name="verifyProductPrice" time="0.293">
    <skipped/>
  </testcase> <!-- verifyProductPrice -->
  <testcase classname="com.naveenautomation.Tests.MyWishListTest" name="verifyProductPrice" time="0.339">
    <skipped/>
  </testcase> <!-- verifyProductPrice -->
  <testcase classname="com.naveenautomation.Tests.MyWishListTest" name="verifyProductPrice" time="0.305">
    <failure type="java.lang.NullPointerException" message="Cannot invoke &amp;quot;org.openqa.selenium.WebElement.getText()&amp;quot; because the return value of &amp;quot;com.naveenautomation.Pages.MyWishListPage.getElementFromTheTable(String, com.naveenautomation.Pages.MyWishListPage$WishList)&amp;quot; is null">
      <![CDATA[java.lang.NullPointerException: Cannot invoke "org.openqa.selenium.WebElement.getText()" because the return value of "com.naveenautomation.Pages.MyWishListPage.getElementFromTheTable(String, com.naveenautomation.Pages.MyWishListPage$WishList)" is null
at com.naveenautomation.Tests.MyWishListTest.verifyProductPrice(MyWishListTest.java:59)
at java.base/java.util.ArrayList.forEach(ArrayList.java:1511)
... Removed 27 stack frames]]>
    </failure>
  </testcase> <!-- verifyProductPrice -->
  <testcase classname="com.naveenautomation.Tests.MyWishListTest" name="verifyModifyBannerAfterDelete" time="0.2">
    <skipped/>
  </testcase> <!-- verifyModifyBannerAfterDelete -->
  <testcase classname="com.naveenautomation.Tests.MyWishListTest" name="verifyModifyBannerAfterDelete" time="0.189">
    <skipped/>
  </testcase> <!-- verifyModifyBannerAfterDelete -->
  <testcase classname="com.naveenautomation.Tests.MyWishListTest" name="verifyModifyBannerAfterDelete" time="0.218">
    <failure type="java.lang.NullPointerException" message="Cannot invoke &amp;quot;org.openqa.selenium.WebElement.findElement(org.openqa.selenium.By)&amp;quot; because the return value of &amp;quot;com.naveenautomation.Pages.MyWishListPage.getElementFromTheTable(String, com.naveenautomation.Pages.MyWishListPage$WishList)&amp;quot; is null">
      <![CDATA[java.lang.NullPointerException: Cannot invoke "org.openqa.selenium.WebElement.findElement(org.openqa.selenium.By)" because the return value of "com.naveenautomation.Pages.MyWishListPage.getElementFromTheTable(String, com.naveenautomation.Pages.MyWishListPage$WishList)" is null
at com.naveenautomation.Pages.MyWishListPage.deleteProductInWishList(MyWishListPage.java:79)
at com.naveenautomation.Tests.MyWishListTest.verifyModifyBannerAfterDelete(MyWishListTest.java:69)
at java.base/java.util.ArrayList.forEach(ArrayList.java:1511)
... Removed 27 stack frames]]>
    </failure>
  </testcase> <!-- verifyModifyBannerAfterDelete -->
</testsuite> <!-- Test -->
